

Microchip Technology PIC LITE Macro Assembler V1.45 build -152302408 
                                                                                               Wed Feb 19 13:26:49 2020

Microchip Technology Omniscient Code Generator v1.45 (Free mode) build 201711160504
     1                           	processor	16F887
     2                           	opt	pw 120
     3                           	opt	lm
     4                           	psect	cinit,global,class=CODE,merge=1,delta=2
     5                           	psect	cstackCOMMON,global,class=COMMON,space=1,delta=1
     6                           	psect	maintext,global,class=CODE,split=1,delta=2
     7                           	psect	text1,local,class=CODE,merge=1,delta=2
     8                           	psect	intentry,global,class=CODE,delta=2
     9                           	dabs	1,0x7E,2
    10  0000                     
    11                           ; Version 1.45
    12                           ; Generated 16/11/2017 GMT
    13                           ; 
    14                           ; Copyright © 2017, Microchip Technology Inc. and its subsidiaries ("Microchip")
    15                           ; All rights reserved.
    16                           ; 
    17                           ; This software is developed by Microchip Technology Inc. and its subsidiaries ("Microch
      +                          ip").
    18                           ; 
    19                           ; Redistribution and use in source and binary forms, with or without modification, are
    20                           ; permitted provided that the following conditions are met:
    21                           ; 
    22                           ;     1. Redistributions of source code must retain the above copyright notice, this lis
      +                          t of
    23                           ;        conditions and the following disclaimer.
    24                           ; 
    25                           ;     2. Redistributions in binary form must reproduce the above copyright notice, this 
      +                          list
    26                           ;        of conditions and the following disclaimer in the documentation and/or other
    27                           ;        materials provided with the distribution.
    28                           ; 
    29                           ;     3. Microchip's name may not be used to endorse or promote products derived from th
      +                          is
    30                           ;        software without specific prior written permission.
    31                           ; 
    32                           ; THIS SOFTWARE IS PROVIDED BY MICROCHIP "AS IS" AND ANY EXPRESS OR IMPLIED WARRANTIES,
    33                           ; INCLUDING, BUT NOT LIMITED TO, THE IMPLIED WARRANTIES OF MERCHANTABILITY AND FITNESS F
      +                          OR
    34                           ; PURPOSE ARE DISCLAIMED.  IN NO EVENT SHALL MICROCHIP BE LIABLE FOR ANY DIRECT, INDIREC
      +                          T,
    35                           ; INCIDENTAL, SPECIAL, EXEMPLARY, OR CONSEQUENTIAL DAMAGES (INCLUDING BUT NOT LIMITED TO
    36                           ; PROCUREMENT OF SUBSTITUTE GOODS OR SERVICES; LOSS OF USE, DATA OR PROFITS; OR BUSINESS
    37                           ; INTERRUPTION) HOWSOEVER CAUSED AND ON ANY THEORY OF LIABILITY, WHETHER IN CONTRACT, ST
      +                          RICT
    38                           ; LIABILITY, OR TORT (INCLUDING NEGLIGENCE OR OTHERWISE) ARISING IN ANY WAY OUT OF THE U
      +                          SE OF
    39                           ; THIS SOFTWARE, EVEN IF ADVISED OF THE POSSIBILITY OF SUCH DAMAGE.
    40                           ; 
    41                           ; 
    42                           ; Code-generator required, PIC16F887 Definitions
    43                           ; 
    44                           ; SFR Addresses
    45  0000                     	;# 
    46  0001                     	;# 
    47  0002                     	;# 
    48  0003                     	;# 
    49  0004                     	;# 
    50  0005                     	;# 
    51  0006                     	;# 
    52  0007                     	;# 
    53  0008                     	;# 
    54  0009                     	;# 
    55  000A                     	;# 
    56  000B                     	;# 
    57  000C                     	;# 
    58  000D                     	;# 
    59  000E                     	;# 
    60  000E                     	;# 
    61  000F                     	;# 
    62  0010                     	;# 
    63  0011                     	;# 
    64  0012                     	;# 
    65  0013                     	;# 
    66  0014                     	;# 
    67  0015                     	;# 
    68  0015                     	;# 
    69  0016                     	;# 
    70  0017                     	;# 
    71  0018                     	;# 
    72  0019                     	;# 
    73  001A                     	;# 
    74  001B                     	;# 
    75  001B                     	;# 
    76  001C                     	;# 
    77  001D                     	;# 
    78  001E                     	;# 
    79  001F                     	;# 
    80  0081                     	;# 
    81  0085                     	;# 
    82  0086                     	;# 
    83  0087                     	;# 
    84  0088                     	;# 
    85  0089                     	;# 
    86  008C                     	;# 
    87  008D                     	;# 
    88  008E                     	;# 
    89  008F                     	;# 
    90  0090                     	;# 
    91  0091                     	;# 
    92  0092                     	;# 
    93  0093                     	;# 
    94  0093                     	;# 
    95  0093                     	;# 
    96  0094                     	;# 
    97  0095                     	;# 
    98  0096                     	;# 
    99  0097                     	;# 
   100  0098                     	;# 
   101  0099                     	;# 
   102  009A                     	;# 
   103  009B                     	;# 
   104  009C                     	;# 
   105  009D                     	;# 
   106  009E                     	;# 
   107  009F                     	;# 
   108  0105                     	;# 
   109  0107                     	;# 
   110  0108                     	;# 
   111  0109                     	;# 
   112  010C                     	;# 
   113  010C                     	;# 
   114  010D                     	;# 
   115  010E                     	;# 
   116  010F                     	;# 
   117  0185                     	;# 
   118  0187                     	;# 
   119  0188                     	;# 
   120  0189                     	;# 
   121  018C                     	;# 
   122  018D                     	;# 
   123  0010                     _T1CON	set	16
   124  000B                     _INTCON	set	11
   125  000F                     _TMR1H	set	15
   126  000E                     _TMR1L	set	14
   127  000C                     _PIR1	set	12
   128  005E                     _PEIE	set	94
   129  005F                     _GIE	set	95
   130  008C                     _PIE1	set	140
   131                           
   132                           	psect	cinit
   133  0015                     start_initialization:	
   134                           ; #config settings
   135                           
   136  0015                     __initialization:	
   137  0015                     end_of_initialization:	
   138                           ;End of C runtime variable initialization code
   139                           
   140  0015                     __end_of__initialization:	
   141  0015  0183               	clrf	3
   142  0016  120A  118A  2819   	ljmp	_main	;jump to C main() function
   143                           
   144                           	psect	cstackCOMMON
   145  0070                     __pcstackCOMMON:	
   146  0070                     ?_interrupcaoTMR1:	
   147  0070                     ??_interrupcaoTMR1:	
   148                           ; 1 bytes @ 0x0
   149                           
   150  0070                     ?_main:	
   151                           ; 1 bytes @ 0x0
   152                           
   153                           
   154                           ; 1 bytes @ 0x0
   155  0070                     	ds	5
   156  0075                     ??_main:	
   157                           
   158                           ; 1 bytes @ 0x5
   159  0075                     	ds	1
   160                           
   161                           	psect	maintext
   162  0019                     __pmaintext:	
   163 ;;
   164 ;;Main: autosize = 0, tempsize = 1, incstack = 0, save=0
   165 ;;
   166 ;; *************** function _main *****************
   167 ;; Defined at:
   168 ;;		line 12 in file "C:\Users\Brenn\OneDrive\Documents\Unifei\Micro\microcontroladores\exercicio2\exer2.c"
   169 ;; Parameters:    Size  Location     Type
   170 ;;		None
   171 ;; Auto vars:     Size  Location     Type
   172 ;;		None
   173 ;; Return value:  Size  Location     Type
   174 ;;                  1    wreg      void 
   175 ;; Registers used:
   176 ;;		wreg, status,2, status,0
   177 ;; Tracked objects:
   178 ;;		On entry : B00/0
   179 ;;		On exit  : 0/0
   180 ;;		Unchanged: 0/0
   181 ;; Data sizes:     COMMON   BANK0   BANK1   BANK3   BANK2
   182 ;;      Params:         0       0       0       0       0
   183 ;;      Locals:         0       0       0       0       0
   184 ;;      Temps:          1       0       0       0       0
   185 ;;      Totals:         1       0       0       0       0
   186 ;;Total ram usage:        1 bytes
   187 ;; Hardware stack levels required when called:    1
   188 ;; This function calls:
   189 ;;		Nothing
   190 ;; This function is called by:
   191 ;;		Startup code after reset
   192 ;; This function uses a non-reentrant model
   193 ;;
   194                           
   195                           
   196                           ;psect for function _main
   197  0019                     _main:	
   198                           
   199                           ;exer2.c: 14: GIE = 0x01;
   200                           
   201                           ;incstack = 0
   202                           ; Regs used in _main: [wreg+status,2+status,0]
   203  0019  178B               	bsf	11,7	;volatile
   204                           
   205                           ;exer2.c: 15: PEIE = 1;
   206  001A  170B               	bsf	11,6	;volatile
   207                           
   208                           ;exer2.c: 16: TMR1L = 0xDC;
   209  001B  30DC               	movlw	220
   210  001C  1283               	bcf	3,5	;RP0=0, select bank0
   211  001D  1303               	bcf	3,6	;RP1=0, select bank0
   212  001E  008E               	movwf	14	;volatile
   213                           
   214                           ;exer2.c: 17: TMR1H = 0x0B;
   215  001F  300B               	movlw	11
   216  0020  008F               	movwf	15	;volatile
   217                           
   218                           ;exer2.c: 18: INTCON |= (1<<7) | (1<<6);
   219  0021  30C0               	movlw	192
   220  0022  00F5               	movwf	??_main
   221  0023  0875               	movf	??_main,w
   222  0024  048B               	iorwf	11,f	;volatile
   223                           
   224                           ;exer2.c: 19: PIR1 &= ~(1<<0);
   225  0025  30FE               	movlw	254
   226  0026  00F5               	movwf	??_main
   227  0027  0875               	movf	??_main,w
   228  0028  058C               	andwf	12,f	;volatile
   229                           
   230                           ;exer2.c: 20: PIE1 |= (1<<0);
   231  0029  1683               	bsf	3,5	;RP0=1, select bank1
   232  002A  1303               	bcf	3,6	;RP1=0, select bank1
   233  002B  140C               	bsf	12,0	;volatile
   234                           
   235                           ;exer2.c: 21: T1CON = 0b00110001;
   236  002C  3031               	movlw	49
   237  002D  1283               	bcf	3,5	;RP0=0, select bank0
   238  002E  1303               	bcf	3,6	;RP1=0, select bank0
   239  002F  0090               	movwf	16	;volatile
   240  0030                     l27:	
   241                           ;exer2.c: 23: while(1){
   242                           
   243  0030  2830               	goto	l27
   244  0031                     __end_of_main:	
   245                           
   246                           	psect	text1
   247  0031                     __ptext1:	
   248 ;; *************** function _interrupcaoTMR1 *****************
   249 ;; Defined at:
   250 ;;		line 5 in file "C:\Users\Brenn\OneDrive\Documents\Unifei\Micro\microcontroladores\exercicio2\exer2.c"
   251 ;; Parameters:    Size  Location     Type
   252 ;;		None
   253 ;; Auto vars:     Size  Location     Type
   254 ;;		None
   255 ;; Return value:  Size  Location     Type
   256 ;;                  1    wreg      void 
   257 ;; Registers used:
   258 ;;		wreg, status,2, status,0
   259 ;; Tracked objects:
   260 ;;		On entry : 0/0
   261 ;;		On exit  : 0/0
   262 ;;		Unchanged: 0/0
   263 ;; Data sizes:     COMMON   BANK0   BANK1   BANK3   BANK2
   264 ;;      Params:         0       0       0       0       0
   265 ;;      Locals:         0       0       0       0       0
   266 ;;      Temps:          5       0       0       0       0
   267 ;;      Totals:         5       0       0       0       0
   268 ;;Total ram usage:        5 bytes
   269 ;; Hardware stack levels used:    1
   270 ;; This function calls:
   271 ;;		Nothing
   272 ;; This function is called by:
   273 ;;		Interrupt level 1
   274 ;; This function uses a non-reentrant model
   275 ;;
   276                           
   277                           
   278                           ;psect for function _interrupcaoTMR1
   279  0031                     _interrupcaoTMR1:	
   280                           
   281                           ;exer2.c: 6: if ( PIR1 & (1<<0)) {
   282  0031  1C0C               	btfss	12,0	;volatile
   283  0032  283B               	goto	i1l22
   284                           
   285                           ;exer2.c: 7: PIR1 &= ~(1<<0);
   286  0033  30FE               	movlw	254
   287  0034  00F0               	movwf	??_interrupcaoTMR1
   288  0035  0870               	movf	??_interrupcaoTMR1,w
   289  0036  058C               	andwf	12,f	;volatile
   290                           
   291                           ;exer2.c: 8: TMR1L = 0xDC;
   292  0037  30DC               	movlw	220
   293  0038  008E               	movwf	14	;volatile
   294                           
   295                           ;exer2.c: 9: TMR1H = 0x0B;
   296  0039  300B               	movlw	11
   297  003A  008F               	movwf	15	;volatile
   298  003B                     i1l22:	
   299  003B  0874               	movf	??_interrupcaoTMR1+4,w
   300  003C  00FF               	movwf	127
   301  003D  0873               	movf	??_interrupcaoTMR1+3,w
   302  003E  008A               	movwf	10
   303  003F  0872               	movf	??_interrupcaoTMR1+2,w
   304  0040  0084               	movwf	4
   305  0041  0E71               	swapf	(??_interrupcaoTMR1+1)^(0+-128),w
   306  0042  0083               	movwf	3
   307  0043  0EFE               	swapf	126,f
   308  0044  0E7E               	swapf	126,w
   309  0045  0009               	retfie
   310  0046                     __end_of_interrupcaoTMR1:	
   311  007E                     btemp	set	126	;btemp
   312  007E                     wtemp0	set	126
   313                           
   314                           	psect	intentry
   315  0004                     __pintentry:	
   316                           ;incstack = 0
   317                           ; Regs used in _interrupcaoTMR1: [wreg+status,2+status,0]
   318                           
   319  0004                     interrupt_function:	
   320  007E                     saved_w	set	btemp
   321  0004  00FE               	movwf	btemp
   322  0005  0E03               	swapf	3,w
   323  0006  00F1               	movwf	??_interrupcaoTMR1+1
   324  0007  0804               	movf	4,w
   325  0008  00F2               	movwf	??_interrupcaoTMR1+2
   326  0009  080A               	movf	10,w
   327  000A  00F3               	movwf	??_interrupcaoTMR1+3
   328  000B  1283               	bcf	3,5	;RP0=0, select bank0
   329  000C  1303               	bcf	3,6	;RP1=0, select bank0
   330  000D  087F               	movf	btemp+1,w
   331  000E  00F4               	movwf	??_interrupcaoTMR1+4
   332  000F  120A  118A  2831   	ljmp	_interrupcaoTMR1


Data Sizes:
    Strings     0
    Constant    0
    Data        0
    BSS         0
    Persistent  0
    Stack       0

Auto Spaces:
    Space          Size  Autos    Used
    COMMON           14      6       6
    BANK0            80      0       0
    BANK1            80      0       0
    BANK3            96      0       0
    BANK2            96      0       0

Pointer List with Targets:

    None.

Critical Paths under _main in COMMON

    None.

Critical Paths under _interrupcaoTMR1 in COMMON

    None.

Critical Paths under _main in BANK0

    None.

Critical Paths under _interrupcaoTMR1 in BANK0

    None.

Critical Paths under _main in BANK1

    None.

Critical Paths under _interrupcaoTMR1 in BANK1

    None.

Critical Paths under _main in BANK3

    None.

Critical Paths under _interrupcaoTMR1 in BANK3

    None.

Critical Paths under _main in BANK2

    None.

Critical Paths under _interrupcaoTMR1 in BANK2

    None.

Call Graph Tables:

 ---------------------------------------------------------------------------------
 (Depth) Function   	        Calls       Base Space   Used Autos Params    Refs
 ---------------------------------------------------------------------------------
 (0) _main                                                 1     1      0       0
                                              5 COMMON     1     1      0
 ---------------------------------------------------------------------------------
 Estimated maximum stack depth 0
 ---------------------------------------------------------------------------------
 (Depth) Function   	        Calls       Base Space   Used Autos Params    Refs
 ---------------------------------------------------------------------------------
 (1) _interrupcaoTMR1                                      5     5      0       0
                                              0 COMMON     5     5      0
 ---------------------------------------------------------------------------------
 Estimated maximum stack depth 1
 ---------------------------------------------------------------------------------

 Call Graph Graphs:

 _main (ROOT)

 _interrupcaoTMR1 (ROOT)

 Address spaces:
Name               Size   Autos  Total    Cost      Usage
BITCOMMON            E      0       0       0        0.0%
EEDATA             100      0       0       0        0.0%
NULL                 0      0       0       0        0.0%
CODE                 0      0       0       0        0.0%
COMMON               E      6       6       1       42.9%
BITSFR0              0      0       0       1        0.0%
SFR0                 0      0       0       1        0.0%
BITSFR1              0      0       0       2        0.0%
SFR1                 0      0       0       2        0.0%
STACK                0      0       0       2        0.0%
ABS                  0      0       0       3        0.0%
BITBANK0            50      0       0       4        0.0%
BITSFR3              0      0       0       4        0.0%
SFR3                 0      0       0       4        0.0%
BANK0               50      0       0       5        0.0%
BITSFR2              0      0       0       5        0.0%
SFR2                 0      0       0       5        0.0%
BITBANK1            50      0       0       6        0.0%
BANK1               50      0       0       7        0.0%
BITBANK3            60      0       0       8        0.0%
BANK3               60      0       0       9        0.0%
BITBANK2            60      0       0      10        0.0%
BANK2               60      0       0      11        0.0%
DATA                 0      0       0      12        0.0%


Microchip Technology PIC Macro Assembler V1.45 build -152302408 
Symbol Table                                                                                   Wed Feb 19 13:26:49 2020

                      l27 0030   __end_of_interrupcaoTMR1 0046                       _GIE 005F  
                     fsr0 0004                      _PIE1 008C                      _PEIE 005E  
                    i1l22 003B                      _PIR1 000C                      _main 0019  
                    btemp 007E                      start 0012                     ?_main 0070  
                   _T1CON 0010                     _TMR1H 000F                     _TMR1L 000E  
                   pclath 000A                     status 0003                     wtemp0 007E  
         __initialization 0015              __end_of_main 0031                    ??_main 0075  
        ?_interrupcaoTMR1 0070                    _INTCON 000B                    saved_w 007E  
 __end_of__initialization 0015            __pcstackCOMMON 0070                __pmaintext 0019  
              __pintentry 0004                   __ptext1 0031      end_of_initialization 0015  
__size_of_interrupcaoTMR1 0015       start_initialization 0015                 ___latbits 0002  
       ??_interrupcaoTMR1 0070         interrupt_function 0004             __size_of_main 0018  
         _interrupcaoTMR1 0031                  intlevel1 0000  
