

Microchip Technology PIC LITE Macro Assembler V1.45 build -152302408 
                                                                                               Wed Feb 19 15:01:41 2020

Microchip Technology Omniscient Code Generator v1.45 (Free mode) build 201711160504
     1                           	processor	16F887
     2                           	opt	pw 120
     3                           	opt	lm
     4                           	psect	cinit,global,class=CODE,merge=1,delta=2
     5                           	psect	cstackCOMMON,global,class=COMMON,space=1,delta=1
     6                           	psect	maintext,global,class=CODE,split=1,delta=2
     7                           	psect	text1,local,class=CODE,merge=1,delta=2
     8                           	psect	intentry,global,class=CODE,delta=2
     9                           	dabs	1,0x7E,2
    10  0000                     
    11                           ; Version 1.45
    12                           ; Generated 16/11/2017 GMT
    13                           ; 
    14                           ; Copyright © 2017, Microchip Technology Inc. and its subsidiaries ("Microchip")
    15                           ; All rights reserved.
    16                           ; 
    17                           ; This software is developed by Microchip Technology Inc. and its subsidiaries ("Microch
      +                          ip").
    18                           ; 
    19                           ; Redistribution and use in source and binary forms, with or without modification, are
    20                           ; permitted provided that the following conditions are met:
    21                           ; 
    22                           ;     1. Redistributions of source code must retain the above copyright notice, this lis
      +                          t of
    23                           ;        conditions and the following disclaimer.
    24                           ; 
    25                           ;     2. Redistributions in binary form must reproduce the above copyright notice, this 
      +                          list
    26                           ;        of conditions and the following disclaimer in the documentation and/or other
    27                           ;        materials provided with the distribution.
    28                           ; 
    29                           ;     3. Microchip's name may not be used to endorse or promote products derived from th
      +                          is
    30                           ;        software without specific prior written permission.
    31                           ; 
    32                           ; THIS SOFTWARE IS PROVIDED BY MICROCHIP "AS IS" AND ANY EXPRESS OR IMPLIED WARRANTIES,
    33                           ; INCLUDING, BUT NOT LIMITED TO, THE IMPLIED WARRANTIES OF MERCHANTABILITY AND FITNESS F
      +                          OR
    34                           ; PURPOSE ARE DISCLAIMED.  IN NO EVENT SHALL MICROCHIP BE LIABLE FOR ANY DIRECT, INDIREC
      +                          T,
    35                           ; INCIDENTAL, SPECIAL, EXEMPLARY, OR CONSEQUENTIAL DAMAGES (INCLUDING BUT NOT LIMITED TO
    36                           ; PROCUREMENT OF SUBSTITUTE GOODS OR SERVICES; LOSS OF USE, DATA OR PROFITS; OR BUSINESS
    37                           ; INTERRUPTION) HOWSOEVER CAUSED AND ON ANY THEORY OF LIABILITY, WHETHER IN CONTRACT, ST
      +                          RICT
    38                           ; LIABILITY, OR TORT (INCLUDING NEGLIGENCE OR OTHERWISE) ARISING IN ANY WAY OUT OF THE U
      +                          SE OF
    39                           ; THIS SOFTWARE, EVEN IF ADVISED OF THE POSSIBILITY OF SUCH DAMAGE.
    40                           ; 
    41                           ; 
    42                           ; Code-generator required, PIC16F887 Definitions
    43                           ; 
    44                           ; SFR Addresses
    45  0000                     	;# 
    46  0001                     	;# 
    47  0002                     	;# 
    48  0003                     	;# 
    49  0004                     	;# 
    50  0005                     	;# 
    51  0006                     	;# 
    52  0007                     	;# 
    53  0008                     	;# 
    54  0009                     	;# 
    55  000A                     	;# 
    56  000B                     	;# 
    57  000C                     	;# 
    58  000D                     	;# 
    59  000E                     	;# 
    60  000E                     	;# 
    61  000F                     	;# 
    62  0010                     	;# 
    63  0011                     	;# 
    64  0012                     	;# 
    65  0013                     	;# 
    66  0014                     	;# 
    67  0015                     	;# 
    68  0015                     	;# 
    69  0016                     	;# 
    70  0017                     	;# 
    71  0018                     	;# 
    72  0019                     	;# 
    73  001A                     	;# 
    74  001B                     	;# 
    75  001B                     	;# 
    76  001C                     	;# 
    77  001D                     	;# 
    78  001E                     	;# 
    79  001F                     	;# 
    80  0081                     	;# 
    81  0085                     	;# 
    82  0086                     	;# 
    83  0087                     	;# 
    84  0088                     	;# 
    85  0089                     	;# 
    86  008C                     	;# 
    87  008D                     	;# 
    88  008E                     	;# 
    89  008F                     	;# 
    90  0090                     	;# 
    91  0091                     	;# 
    92  0092                     	;# 
    93  0093                     	;# 
    94  0093                     	;# 
    95  0093                     	;# 
    96  0094                     	;# 
    97  0095                     	;# 
    98  0096                     	;# 
    99  0097                     	;# 
   100  0098                     	;# 
   101  0099                     	;# 
   102  009A                     	;# 
   103  009B                     	;# 
   104  009C                     	;# 
   105  009D                     	;# 
   106  009E                     	;# 
   107  009F                     	;# 
   108  0105                     	;# 
   109  0107                     	;# 
   110  0108                     	;# 
   111  0109                     	;# 
   112  010C                     	;# 
   113  010C                     	;# 
   114  010D                     	;# 
   115  010E                     	;# 
   116  010F                     	;# 
   117  0185                     	;# 
   118  0187                     	;# 
   119  0188                     	;# 
   120  0189                     	;# 
   121  018C                     	;# 
   122  018D                     	;# 
   123  000B                     _INTCON	set	11
   124  0012                     _T2CON	set	18
   125  0061                     _TMR2IF	set	97
   126  0092                     _PR2	set	146
   127  008C                     _PIE1	set	140
   128                           
   129                           	psect	cinit
   130  0015                     start_initialization:	
   131                           ; #config settings
   132                           
   133  0015                     __initialization:	
   134  0015                     end_of_initialization:	
   135                           ;End of C runtime variable initialization code
   136                           
   137  0015                     __end_of__initialization:	
   138  0015  0183               	clrf	3
   139  0016  120A  118A  2819   	ljmp	_main	;jump to C main() function
   140                           
   141                           	psect	cstackCOMMON
   142  0070                     __pcstackCOMMON:	
   143  0070                     ?_interrupcaoTMR2:	
   144  0070                     ??_interrupcaoTMR2:	
   145                           ; 1 bytes @ 0x0
   146                           
   147  0070                     ?_main:	
   148                           ; 1 bytes @ 0x0
   149                           
   150                           
   151                           ; 2 bytes @ 0x0
   152  0070                     	ds	4
   153  0074                     ??_main:	
   154                           
   155                           ; 1 bytes @ 0x4
   156  0074                     	ds	1
   157                           
   158                           	psect	maintext
   159  0019                     __pmaintext:	
   160 ;;
   161 ;;Main: autosize = 0, tempsize = 1, incstack = 0, save=0
   162 ;;
   163 ;; *************** function _main *****************
   164 ;; Defined at:
   165 ;;		line 10 in file "C:\Users\Brenn\OneDrive\Documents\Unifei\Micro\microcontroladores\exercicio3\exe3.c"
   166 ;; Parameters:    Size  Location     Type
   167 ;;		None
   168 ;; Auto vars:     Size  Location     Type
   169 ;;		None
   170 ;; Return value:  Size  Location     Type
   171 ;;                  2   20[None  ] int 
   172 ;; Registers used:
   173 ;;		wreg, status,2, status,0
   174 ;; Tracked objects:
   175 ;;		On entry : B00/0
   176 ;;		On exit  : 0/0
   177 ;;		Unchanged: 0/0
   178 ;; Data sizes:     COMMON   BANK0   BANK1   BANK3   BANK2
   179 ;;      Params:         0       0       0       0       0
   180 ;;      Locals:         0       0       0       0       0
   181 ;;      Temps:          1       0       0       0       0
   182 ;;      Totals:         1       0       0       0       0
   183 ;;Total ram usage:        1 bytes
   184 ;; Hardware stack levels required when called:    1
   185 ;; This function calls:
   186 ;;		Nothing
   187 ;; This function is called by:
   188 ;;		Startup code after reset
   189 ;; This function uses a non-reentrant model
   190 ;;
   191                           
   192                           
   193                           ;psect for function _main
   194  0019                     _main:	
   195                           
   196                           ;exe3.c: 11: T2CON = 0b01111111;
   197                           
   198                           ;incstack = 0
   199                           ; Regs used in _main: [wreg+status,2+status,0]
   200  0019  307F               	movlw	127
   201  001A  1283               	bcf	3,5	;RP0=0, select bank0
   202  001B  1303               	bcf	3,6	;RP1=0, select bank0
   203  001C  0092               	movwf	18	;volatile
   204                           
   205                           ;exe3.c: 12: INTCON |= (1<<7)| (1<<6);
   206  001D  30C0               	movlw	192
   207  001E  00F4               	movwf	??_main
   208  001F  0874               	movf	??_main,w
   209  0020  048B               	iorwf	11,f	;volatile
   210                           
   211                           ;exe3.c: 13: PIE1 |= (1<<1);
   212  0021  1683               	bsf	3,5	;RP0=1, select bank1
   213  0022  1303               	bcf	3,6	;RP1=0, select bank1
   214  0023  148C               	bsf	12,1	;volatile
   215                           
   216                           ;exe3.c: 14: PR2 = 195;
   217  0024  30C3               	movlw	195
   218  0025  0092               	movwf	18	;volatile
   219  0026                     l21:	
   220                           ;exe3.c: 15: while(1){};
   221                           
   222  0026  2826               	goto	l21
   223  0027                     __end_of_main:	
   224                           
   225                           	psect	text1
   226  0027                     __ptext1:	
   227 ;; *************** function _interrupcaoTMR2 *****************
   228 ;; Defined at:
   229 ;;		line 5 in file "C:\Users\Brenn\OneDrive\Documents\Unifei\Micro\microcontroladores\exercicio3\exe3.c"
   230 ;; Parameters:    Size  Location     Type
   231 ;;		None
   232 ;; Auto vars:     Size  Location     Type
   233 ;;		None
   234 ;; Return value:  Size  Location     Type
   235 ;;                  1    wreg      void 
   236 ;; Registers used:
   237 ;;		None
   238 ;; Tracked objects:
   239 ;;		On entry : 0/0
   240 ;;		On exit  : 0/0
   241 ;;		Unchanged: 0/0
   242 ;; Data sizes:     COMMON   BANK0   BANK1   BANK3   BANK2
   243 ;;      Params:         0       0       0       0       0
   244 ;;      Locals:         0       0       0       0       0
   245 ;;      Temps:          4       0       0       0       0
   246 ;;      Totals:         4       0       0       0       0
   247 ;;Total ram usage:        4 bytes
   248 ;; Hardware stack levels used:    1
   249 ;; This function calls:
   250 ;;		Nothing
   251 ;; This function is called by:
   252 ;;		Interrupt level 1
   253 ;; This function uses a non-reentrant model
   254 ;;
   255                           
   256                           
   257                           ;psect for function _interrupcaoTMR2
   258  0027                     _interrupcaoTMR2:	
   259                           
   260                           ;exe3.c: 6: if (TMR2IF){
   261  0027  188C               	btfsc	12,1	;volatile
   262                           
   263                           ;exe3.c: 7: TMR2IF=0;
   264  0028  108C               	bcf	12,1	;volatile
   265  0029  0873               	movf	??_interrupcaoTMR2+3,w
   266  002A  00FF               	movwf	127
   267  002B  0872               	movf	??_interrupcaoTMR2+2,w
   268  002C  008A               	movwf	10
   269  002D  0871               	movf	??_interrupcaoTMR2+1,w
   270  002E  0084               	movwf	4
   271  002F  0E70               	swapf	??_interrupcaoTMR2^(0+-128),w
   272  0030  0083               	movwf	3
   273  0031  0EFE               	swapf	126,f
   274  0032  0E7E               	swapf	126,w
   275  0033  0009               	retfie
   276  0034                     __end_of_interrupcaoTMR2:	
   277  007E                     btemp	set	126	;btemp
   278  007E                     wtemp0	set	126
   279                           
   280                           	psect	intentry
   281  0004                     __pintentry:	
   282                           ;incstack = 0
   283                           ; Regs used in _interrupcaoTMR2: []
   284                           
   285  0004                     interrupt_function:	
   286  007E                     saved_w	set	btemp
   287  0004  00FE               	movwf	btemp
   288  0005  0E03               	swapf	3,w
   289  0006  00F0               	movwf	??_interrupcaoTMR2
   290  0007  0804               	movf	4,w
   291  0008  00F1               	movwf	??_interrupcaoTMR2+1
   292  0009  080A               	movf	10,w
   293  000A  00F2               	movwf	??_interrupcaoTMR2+2
   294  000B  1283               	bcf	3,5	;RP0=0, select bank0
   295  000C  1303               	bcf	3,6	;RP1=0, select bank0
   296  000D  087F               	movf	btemp+1,w
   297  000E  00F3               	movwf	??_interrupcaoTMR2+3
   298  000F  120A  118A  2827   	ljmp	_interrupcaoTMR2


Data Sizes:
    Strings     0
    Constant    0
    Data        0
    BSS         0
    Persistent  0
    Stack       0

Auto Spaces:
    Space          Size  Autos    Used
    COMMON           14      5       5
    BANK0            80      0       0
    BANK1            80      0       0
    BANK3            96      0       0
    BANK2            96      0       0

Pointer List with Targets:

    None.

Critical Paths under _main in COMMON

    None.

Critical Paths under _interrupcaoTMR2 in COMMON

    None.

Critical Paths under _main in BANK0

    None.

Critical Paths under _interrupcaoTMR2 in BANK0

    None.

Critical Paths under _main in BANK1

    None.

Critical Paths under _interrupcaoTMR2 in BANK1

    None.

Critical Paths under _main in BANK3

    None.

Critical Paths under _interrupcaoTMR2 in BANK3

    None.

Critical Paths under _main in BANK2

    None.

Critical Paths under _interrupcaoTMR2 in BANK2

    None.

Call Graph Tables:

 ---------------------------------------------------------------------------------
 (Depth) Function   	        Calls       Base Space   Used Autos Params    Refs
 ---------------------------------------------------------------------------------
 (0) _main                                                 1     1      0       0
                                              4 COMMON     1     1      0
 ---------------------------------------------------------------------------------
 Estimated maximum stack depth 0
 ---------------------------------------------------------------------------------
 (Depth) Function   	        Calls       Base Space   Used Autos Params    Refs
 ---------------------------------------------------------------------------------
 (1) _interrupcaoTMR2                                      4     4      0       0
                                              0 COMMON     4     4      0
 ---------------------------------------------------------------------------------
 Estimated maximum stack depth 1
 ---------------------------------------------------------------------------------

 Call Graph Graphs:

 _main (ROOT)

 _interrupcaoTMR2 (ROOT)

 Address spaces:
Name               Size   Autos  Total    Cost      Usage
BITCOMMON            E      0       0       0        0.0%
EEDATA             100      0       0       0        0.0%
NULL                 0      0       0       0        0.0%
CODE                 0      0       0       0        0.0%
COMMON               E      5       5       1       35.7%
BITSFR0              0      0       0       1        0.0%
SFR0                 0      0       0       1        0.0%
BITSFR1              0      0       0       2        0.0%
SFR1                 0      0       0       2        0.0%
STACK                0      0       0       2        0.0%
ABS                  0      0       0       3        0.0%
BITBANK0            50      0       0       4        0.0%
BITSFR3              0      0       0       4        0.0%
SFR3                 0      0       0       4        0.0%
BANK0               50      0       0       5        0.0%
BITSFR2              0      0       0       5        0.0%
SFR2                 0      0       0       5        0.0%
BITBANK1            50      0       0       6        0.0%
BANK1               50      0       0       7        0.0%
BITBANK3            60      0       0       8        0.0%
BANK3               60      0       0       9        0.0%
BITBANK2            60      0       0      10        0.0%
BANK2               60      0       0      11        0.0%
DATA                 0      0       0      12        0.0%


Microchip Technology PIC Macro Assembler V1.45 build -152302408 
Symbol Table                                                                                   Wed Feb 19 15:01:41 2020

                      l21 0026   __end_of_interrupcaoTMR2 0034                       _PR2 0092  
                     fsr0 0004                      _PIE1 008C                      _main 0019  
                    btemp 007E                      start 0012                     ?_main 0070  
                   _T2CON 0012                     pclath 000A                     status 0003  
                   wtemp0 007E           __initialization 0015              __end_of_main 0027  
                  ??_main 0074          ?_interrupcaoTMR2 0070                    _INTCON 000B  
                  _TMR2IF 0061                    saved_w 007E   __end_of__initialization 0015  
          __pcstackCOMMON 0070                __pmaintext 0019                __pintentry 0004  
                 __ptext1 0027      end_of_initialization 0015  __size_of_interrupcaoTMR2 000D  
     start_initialization 0015                 ___latbits 0002         ??_interrupcaoTMR2 0070  
       interrupt_function 0004             __size_of_main 000E           _interrupcaoTMR2 0027  
                intlevel1 0000  
