

Microchip Technology PIC LITE Macro Assembler V1.45 build -152302408 
                                                                                               Wed Feb 19 11:48:19 2020

Microchip Technology Omniscient Code Generator v1.45 (Free mode) build 201711160504
     1                           	processor	16F887
     2                           	opt	pw 120
     3                           	opt	lm
     4                           	psect	cinit,global,class=CODE,merge=1,delta=2
     5                           	psect	cstackCOMMON,global,class=COMMON,space=1,delta=1
     6                           	psect	maintext,global,class=CODE,split=1,delta=2
     7                           	psect	text1,local,class=CODE,merge=1,delta=2
     8                           	psect	intentry,global,class=CODE,delta=2
     9                           	dabs	1,0x7E,2
    10  0000                     
    11                           ; Version 1.45
    12                           ; Generated 16/11/2017 GMT
    13                           ; 
    14                           ; Copyright © 2017, Microchip Technology Inc. and its subsidiaries ("Microchip")
    15                           ; All rights reserved.
    16                           ; 
    17                           ; This software is developed by Microchip Technology Inc. and its subsidiaries ("Microch
      +                          ip").
    18                           ; 
    19                           ; Redistribution and use in source and binary forms, with or without modification, are
    20                           ; permitted provided that the following conditions are met:
    21                           ; 
    22                           ;     1. Redistributions of source code must retain the above copyright notice, this lis
      +                          t of
    23                           ;        conditions and the following disclaimer.
    24                           ; 
    25                           ;     2. Redistributions in binary form must reproduce the above copyright notice, this 
      +                          list
    26                           ;        of conditions and the following disclaimer in the documentation and/or other
    27                           ;        materials provided with the distribution.
    28                           ; 
    29                           ;     3. Microchip's name may not be used to endorse or promote products derived from th
      +                          is
    30                           ;        software without specific prior written permission.
    31                           ; 
    32                           ; THIS SOFTWARE IS PROVIDED BY MICROCHIP "AS IS" AND ANY EXPRESS OR IMPLIED WARRANTIES,
    33                           ; INCLUDING, BUT NOT LIMITED TO, THE IMPLIED WARRANTIES OF MERCHANTABILITY AND FITNESS F
      +                          OR
    34                           ; PURPOSE ARE DISCLAIMED.  IN NO EVENT SHALL MICROCHIP BE LIABLE FOR ANY DIRECT, INDIREC
      +                          T,
    35                           ; INCIDENTAL, SPECIAL, EXEMPLARY, OR CONSEQUENTIAL DAMAGES (INCLUDING BUT NOT LIMITED TO
    36                           ; PROCUREMENT OF SUBSTITUTE GOODS OR SERVICES; LOSS OF USE, DATA OR PROFITS; OR BUSINESS
    37                           ; INTERRUPTION) HOWSOEVER CAUSED AND ON ANY THEORY OF LIABILITY, WHETHER IN CONTRACT, ST
      +                          RICT
    38                           ; LIABILITY, OR TORT (INCLUDING NEGLIGENCE OR OTHERWISE) ARISING IN ANY WAY OUT OF THE U
      +                          SE OF
    39                           ; THIS SOFTWARE, EVEN IF ADVISED OF THE POSSIBILITY OF SUCH DAMAGE.
    40                           ; 
    41                           ; 
    42                           ; Code-generator required, PIC16F887 Definitions
    43                           ; 
    44                           ; SFR Addresses
    45  0000                     	;# 
    46  0001                     	;# 
    47  0002                     	;# 
    48  0003                     	;# 
    49  0004                     	;# 
    50  0005                     	;# 
    51  0006                     	;# 
    52  0007                     	;# 
    53  0008                     	;# 
    54  0009                     	;# 
    55  000A                     	;# 
    56  000B                     	;# 
    57  000C                     	;# 
    58  000D                     	;# 
    59  000E                     	;# 
    60  000E                     	;# 
    61  000F                     	;# 
    62  0010                     	;# 
    63  0011                     	;# 
    64  0012                     	;# 
    65  0013                     	;# 
    66  0014                     	;# 
    67  0015                     	;# 
    68  0015                     	;# 
    69  0016                     	;# 
    70  0017                     	;# 
    71  0018                     	;# 
    72  0019                     	;# 
    73  001A                     	;# 
    74  001B                     	;# 
    75  001B                     	;# 
    76  001C                     	;# 
    77  001D                     	;# 
    78  001E                     	;# 
    79  001F                     	;# 
    80  0081                     	;# 
    81  0085                     	;# 
    82  0086                     	;# 
    83  0087                     	;# 
    84  0088                     	;# 
    85  0089                     	;# 
    86  008C                     	;# 
    87  008D                     	;# 
    88  008E                     	;# 
    89  008F                     	;# 
    90  0090                     	;# 
    91  0091                     	;# 
    92  0092                     	;# 
    93  0093                     	;# 
    94  0093                     	;# 
    95  0093                     	;# 
    96  0094                     	;# 
    97  0095                     	;# 
    98  0096                     	;# 
    99  0097                     	;# 
   100  0098                     	;# 
   101  0099                     	;# 
   102  009A                     	;# 
   103  009B                     	;# 
   104  009C                     	;# 
   105  009D                     	;# 
   106  009E                     	;# 
   107  009F                     	;# 
   108  0105                     	;# 
   109  0107                     	;# 
   110  0108                     	;# 
   111  0109                     	;# 
   112  010C                     	;# 
   113  010C                     	;# 
   114  010D                     	;# 
   115  010E                     	;# 
   116  010F                     	;# 
   117  0185                     	;# 
   118  0187                     	;# 
   119  0188                     	;# 
   120  0189                     	;# 
   121  018C                     	;# 
   122  018D                     	;# 
   123  0001                     _TMR0	set	1
   124  005D                     _T0IE	set	93
   125  005F                     _GIE	set	95
   126  005A                     _T0IF	set	90
   127  0081                     _OPTION_REG	set	129
   128                           
   129                           	psect	cinit
   130  0015                     start_initialization:	
   131                           ; #config settings
   132                           
   133  0015                     __initialization:	
   134  0015                     end_of_initialization:	
   135                           ;End of C runtime variable initialization code
   136                           
   137  0015                     __end_of__initialization:	
   138  0015  0183               	clrf	3
   139  0016  120A  118A  2827   	ljmp	_main	;jump to C main() function
   140                           
   141                           	psect	cstackCOMMON
   142  0070                     __pcstackCOMMON:	
   143  0070                     ?_interrupcaoTMR0:	
   144  0070                     ??_interrupcaoTMR0:	
   145                           ; 1 bytes @ 0x0
   146                           
   147  0070                     ?_main:	
   148                           ; 1 bytes @ 0x0
   149                           
   150                           
   151                           ; 1 bytes @ 0x0
   152  0070                     	ds	4
   153  0074                     ??_main:	
   154                           
   155                           	psect	maintext
   156  0027                     __pmaintext:	
   157                           ; 1 bytes @ 0x4
   158 ;;
   159 ;;Main: autosize = 0, tempsize = 0, incstack = 0, save=0
   160 ;;
   161 ;; *************** function _main *****************
   162 ;; Defined at:
   163 ;;		line 9 in file "C:\Users\Brenn\OneDrive\Documents\Unifei\Micro\microcontroladores\exercicio1\exer1.c"
   164 ;; Parameters:    Size  Location     Type
   165 ;;		None
   166 ;; Auto vars:     Size  Location     Type
   167 ;;		None
   168 ;; Return value:  Size  Location     Type
   169 ;;                  1    wreg      void 
   170 ;; Registers used:
   171 ;;		wreg
   172 ;; Tracked objects:
   173 ;;		On entry : B00/0
   174 ;;		On exit  : 0/0
   175 ;;		Unchanged: 0/0
   176 ;; Data sizes:     COMMON   BANK0   BANK1   BANK3   BANK2
   177 ;;      Params:         0       0       0       0       0
   178 ;;      Locals:         0       0       0       0       0
   179 ;;      Temps:          0       0       0       0       0
   180 ;;      Totals:         0       0       0       0       0
   181 ;;Total ram usage:        0 bytes
   182 ;; Hardware stack levels required when called:    1
   183 ;; This function calls:
   184 ;;		Nothing
   185 ;; This function is called by:
   186 ;;		Startup code after reset
   187 ;; This function uses a non-reentrant model
   188 ;;
   189                           
   190                           
   191                           ;psect for function _main
   192  0027                     _main:	
   193                           
   194                           ;exer1.c: 11: OPTION_REG=0b10000111;
   195                           
   196                           ;incstack = 0
   197                           ; Regs used in _main: [wreg]
   198  0027  3087               	movlw	135
   199  0028  1683               	bsf	3,5	;RP0=1, select bank1
   200  0029  1303               	bcf	3,6	;RP1=0, select bank1
   201  002A  0081               	movwf	1	;volatile
   202                           
   203                           ;exer1.c: 12: TMR0 = 22;
   204  002B  3016               	movlw	22
   205  002C  1283               	bcf	3,5	;RP0=0, select bank0
   206  002D  1303               	bcf	3,6	;RP1=0, select bank0
   207  002E  0081               	movwf	1	;volatile
   208                           
   209                           ;exer1.c: 13: GIE = 1;
   210  002F  178B               	bsf	11,7	;volatile
   211                           
   212                           ;exer1.c: 14: T0IE = 1;
   213  0030  168B               	bsf	11,5	;volatile
   214  0031                     l20:	
   215                           ;exer1.c: 18: while(1){
   216                           
   217  0031  2831               	goto	l20
   218  0032                     __end_of_main:	
   219                           
   220                           	psect	text1
   221  0019                     __ptext1:	
   222 ;; *************** function _interrupcaoTMR0 *****************
   223 ;; Defined at:
   224 ;;		line 5 in file "C:\Users\Brenn\OneDrive\Documents\Unifei\Micro\microcontroladores\exercicio1\exer1.c"
   225 ;; Parameters:    Size  Location     Type
   226 ;;		None
   227 ;; Auto vars:     Size  Location     Type
   228 ;;		None
   229 ;; Return value:  Size  Location     Type
   230 ;;                  1    wreg      void 
   231 ;; Registers used:
   232 ;;		wreg
   233 ;; Tracked objects:
   234 ;;		On entry : 0/0
   235 ;;		On exit  : 0/0
   236 ;;		Unchanged: 0/0
   237 ;; Data sizes:     COMMON   BANK0   BANK1   BANK3   BANK2
   238 ;;      Params:         0       0       0       0       0
   239 ;;      Locals:         0       0       0       0       0
   240 ;;      Temps:          4       0       0       0       0
   241 ;;      Totals:         4       0       0       0       0
   242 ;;Total ram usage:        4 bytes
   243 ;; Hardware stack levels used:    1
   244 ;; This function calls:
   245 ;;		Nothing
   246 ;; This function is called by:
   247 ;;		Interrupt level 1
   248 ;; This function uses a non-reentrant model
   249 ;;
   250                           
   251                           
   252                           ;psect for function _interrupcaoTMR0
   253  0019                     _interrupcaoTMR0:	
   254                           
   255                           ;exer1.c: 6: TMR0 = 22;
   256  0019  3016               	movlw	22
   257  001A  0081               	movwf	1	;volatile
   258                           
   259                           ;exer1.c: 7: T0IF = 0;
   260  001B  110B               	bcf	11,2	;volatile
   261  001C  0873               	movf	??_interrupcaoTMR0+3,w
   262  001D  00FF               	movwf	127
   263  001E  0872               	movf	??_interrupcaoTMR0+2,w
   264  001F  008A               	movwf	10
   265  0020  0871               	movf	??_interrupcaoTMR0+1,w
   266  0021  0084               	movwf	4
   267  0022  0E70               	swapf	??_interrupcaoTMR0^(0+-128),w
   268  0023  0083               	movwf	3
   269  0024  0EFE               	swapf	126,f
   270  0025  0E7E               	swapf	126,w
   271  0026  0009               	retfie
   272  0027                     __end_of_interrupcaoTMR0:	
   273  007E                     btemp	set	126	;btemp
   274  007E                     wtemp0	set	126
   275                           
   276                           	psect	intentry
   277  0004                     __pintentry:	
   278                           ;incstack = 0
   279                           ; Regs used in _interrupcaoTMR0: [wreg]
   280                           
   281  0004                     interrupt_function:	
   282  007E                     saved_w	set	btemp
   283  0004  00FE               	movwf	btemp
   284  0005  0E03               	swapf	3,w
   285  0006  00F0               	movwf	??_interrupcaoTMR0
   286  0007  0804               	movf	4,w
   287  0008  00F1               	movwf	??_interrupcaoTMR0+1
   288  0009  080A               	movf	10,w
   289  000A  00F2               	movwf	??_interrupcaoTMR0+2
   290  000B  1283               	bcf	3,5	;RP0=0, select bank0
   291  000C  1303               	bcf	3,6	;RP1=0, select bank0
   292  000D  087F               	movf	btemp+1,w
   293  000E  00F3               	movwf	??_interrupcaoTMR0+3
   294  000F  120A  118A  2819   	ljmp	_interrupcaoTMR0


Data Sizes:
    Strings     0
    Constant    0
    Data        0
    BSS         0
    Persistent  0
    Stack       0

Auto Spaces:
    Space          Size  Autos    Used
    COMMON           14      4       4
    BANK0            80      0       0
    BANK1            80      0       0
    BANK3            96      0       0
    BANK2            96      0       0

Pointer List with Targets:

    None.

Critical Paths under _main in COMMON

    None.

Critical Paths under _interrupcaoTMR0 in COMMON

    None.

Critical Paths under _main in BANK0

    None.

Critical Paths under _interrupcaoTMR0 in BANK0

    None.

Critical Paths under _main in BANK1

    None.

Critical Paths under _interrupcaoTMR0 in BANK1

    None.

Critical Paths under _main in BANK3

    None.

Critical Paths under _interrupcaoTMR0 in BANK3

    None.

Critical Paths under _main in BANK2

    None.

Critical Paths under _interrupcaoTMR0 in BANK2

    None.

Call Graph Tables:

 ---------------------------------------------------------------------------------
 (Depth) Function   	        Calls       Base Space   Used Autos Params    Refs
 ---------------------------------------------------------------------------------
 (0) _main                                                 0     0      0       0
 ---------------------------------------------------------------------------------
 Estimated maximum stack depth 0
 ---------------------------------------------------------------------------------
 (Depth) Function   	        Calls       Base Space   Used Autos Params    Refs
 ---------------------------------------------------------------------------------
 (1) _interrupcaoTMR0                                      4     4      0       0
                                              0 COMMON     4     4      0
 ---------------------------------------------------------------------------------
 Estimated maximum stack depth 1
 ---------------------------------------------------------------------------------

 Call Graph Graphs:

 _main (ROOT)

 _interrupcaoTMR0 (ROOT)

 Address spaces:
Name               Size   Autos  Total    Cost      Usage
BITCOMMON            E      0       0       0        0.0%
EEDATA             100      0       0       0        0.0%
NULL                 0      0       0       0        0.0%
CODE                 0      0       0       0        0.0%
COMMON               E      4       4       1       28.6%
BITSFR0              0      0       0       1        0.0%
SFR0                 0      0       0       1        0.0%
BITSFR1              0      0       0       2        0.0%
SFR1                 0      0       0       2        0.0%
STACK                0      0       0       2        0.0%
ABS                  0      0       0       3        0.0%
BITBANK0            50      0       0       4        0.0%
BITSFR3              0      0       0       4        0.0%
SFR3                 0      0       0       4        0.0%
BANK0               50      0       0       5        0.0%
BITSFR2              0      0       0       5        0.0%
SFR2                 0      0       0       5        0.0%
BITBANK1            50      0       0       6        0.0%
BANK1               50      0       0       7        0.0%
BITBANK3            60      0       0       8        0.0%
BANK3               60      0       0       9        0.0%
BITBANK2            60      0       0      10        0.0%
BANK2               60      0       0      11        0.0%
DATA                 0      0       0      12        0.0%


Microchip Technology PIC Macro Assembler V1.45 build -152302408 
Symbol Table                                                                                   Wed Feb 19 11:48:19 2020

                      l20 0031   __end_of_interrupcaoTMR0 0027                       _GIE 005F  
                     fsr0 0004                      _T0IE 005D                      _T0IF 005A  
                    _TMR0 0001                      _main 0027                      btemp 007E  
                    start 0012                     ?_main 0070                     pclath 000A  
                   status 0003                     wtemp0 007E           __initialization 0015  
            __end_of_main 0032                    ??_main 0074          ?_interrupcaoTMR0 0070  
                  saved_w 007E   __end_of__initialization 0015            __pcstackCOMMON 0070  
              __pmaintext 0027                __pintentry 0004                   __ptext1 0019  
    end_of_initialization 0015  __size_of_interrupcaoTMR0 000E       start_initialization 0015  
               ___latbits 0002         ??_interrupcaoTMR0 0070         interrupt_function 0004  
           __size_of_main 000B           _interrupcaoTMR0 0019                  intlevel1 0000  
              _OPTION_REG 0081  
