

Microchip Technology PIC LITE Macro Assembler V1.45 build -152302408 
                                                                                               Thu Feb 20 18:38:07 2020

Microchip Technology Omniscient Code Generator v1.45 (Free mode) build 201711160504
     1                           	processor	16F887
     2                           	opt	pw 120
     3                           	opt	lm
     4                           	psect	cinit,global,class=CODE,merge=1,delta=2
     5                           	psect	bssBANK0,global,class=BANK0,space=1,delta=1
     6                           	psect	cstackCOMMON,global,class=COMMON,space=1,delta=1
     7                           	psect	cstackBANK0,global,class=BANK0,space=1,delta=1
     8                           	psect	maintext,global,class=CODE,split=1,delta=2
     9                           	psect	text1,local,class=CODE,merge=1,delta=2
    10                           	psect	intentry,global,class=CODE,delta=2
    11                           	psect	text2,local,class=CODE,merge=1,delta=2,group=2
    12                           	dabs	1,0x7E,2
    13  0000                     
    14                           ; Version 1.45
    15                           ; Generated 16/11/2017 GMT
    16                           ; 
    17                           ; Copyright Â© 2017, Microchip Technology Inc. and its subsidiaries ("Microchip")
    18                           ; All rights reserved.
    19                           ; 
    20                           ; This software is developed by Microchip Technology Inc. and its subsidiaries ("Microch
      +                          ip").
    21                           ; 
    22                           ; Redistribution and use in source and binary forms, with or without modification, are
    23                           ; permitted provided that the following conditions are met:
    24                           ; 
    25                           ;     1. Redistributions of source code must retain the above copyright notice, this lis
      +                          t of
    26                           ;        conditions and the following disclaimer.
    27                           ; 
    28                           ;     2. Redistributions in binary form must reproduce the above copyright notice, this 
      +                          list
    29                           ;        of conditions and the following disclaimer in the documentation and/or other
    30                           ;        materials provided with the distribution.
    31                           ; 
    32                           ;     3. Microchip's name may not be used to endorse or promote products derived from th
      +                          is
    33                           ;        software without specific prior written permission.
    34                           ; 
    35                           ; THIS SOFTWARE IS PROVIDED BY MICROCHIP "AS IS" AND ANY EXPRESS OR IMPLIED WARRANTIES,
    36                           ; INCLUDING, BUT NOT LIMITED TO, THE IMPLIED WARRANTIES OF MERCHANTABILITY AND FITNESS F
      +                          OR
    37                           ; PURPOSE ARE DISCLAIMED.  IN NO EVENT SHALL MICROCHIP BE LIABLE FOR ANY DIRECT, INDIREC
      +                          T,
    38                           ; INCIDENTAL, SPECIAL, EXEMPLARY, OR CONSEQUENTIAL DAMAGES (INCLUDING BUT NOT LIMITED TO
    39                           ; PROCUREMENT OF SUBSTITUTE GOODS OR SERVICES; LOSS OF USE, DATA OR PROFITS; OR BUSINESS
    40                           ; INTERRUPTION) HOWSOEVER CAUSED AND ON ANY THEORY OF LIABILITY, WHETHER IN CONTRACT, ST
      +                          RICT
    41                           ; LIABILITY, OR TORT (INCLUDING NEGLIGENCE OR OTHERWISE) ARISING IN ANY WAY OUT OF THE U
      +                          SE OF
    42                           ; THIS SOFTWARE, EVEN IF ADVISED OF THE POSSIBILITY OF SUCH DAMAGE.
    43                           ; 
    44                           ; 
    45                           ; Code-generator required, PIC16F887 Definitions
    46                           ; 
    47                           ; SFR Addresses
    48  0000                     	;# 
    49  0001                     	;# 
    50  0002                     	;# 
    51  0003                     	;# 
    52  0004                     	;# 
    53  0005                     	;# 
    54  0006                     	;# 
    55  0007                     	;# 
    56  0008                     	;# 
    57  0009                     	;# 
    58  000A                     	;# 
    59  000B                     	;# 
    60  000C                     	;# 
    61  000D                     	;# 
    62  000E                     	;# 
    63  000E                     	;# 
    64  000F                     	;# 
    65  0010                     	;# 
    66  0011                     	;# 
    67  0012                     	;# 
    68  0013                     	;# 
    69  0014                     	;# 
    70  0015                     	;# 
    71  0015                     	;# 
    72  0016                     	;# 
    73  0017                     	;# 
    74  0018                     	;# 
    75  0019                     	;# 
    76  001A                     	;# 
    77  001B                     	;# 
    78  001B                     	;# 
    79  001C                     	;# 
    80  001D                     	;# 
    81  001E                     	;# 
    82  001F                     	;# 
    83  0081                     	;# 
    84  0085                     	;# 
    85  0086                     	;# 
    86  0087                     	;# 
    87  0088                     	;# 
    88  0089                     	;# 
    89  008C                     	;# 
    90  008D                     	;# 
    91  008E                     	;# 
    92  008F                     	;# 
    93  0090                     	;# 
    94  0091                     	;# 
    95  0092                     	;# 
    96  0093                     	;# 
    97  0093                     	;# 
    98  0093                     	;# 
    99  0094                     	;# 
   100  0095                     	;# 
   101  0096                     	;# 
   102  0097                     	;# 
   103  0098                     	;# 
   104  0099                     	;# 
   105  009A                     	;# 
   106  009B                     	;# 
   107  009C                     	;# 
   108  009D                     	;# 
   109  009E                     	;# 
   110  009F                     	;# 
   111  0105                     	;# 
   112  0107                     	;# 
   113  0108                     	;# 
   114  0109                     	;# 
   115  010C                     	;# 
   116  010C                     	;# 
   117  010D                     	;# 
   118  010E                     	;# 
   119  010F                     	;# 
   120  0185                     	;# 
   121  0187                     	;# 
   122  0188                     	;# 
   123  0189                     	;# 
   124  018C                     	;# 
   125  018D                     	;# 
   126  0017                     _CCP1CON	set	23
   127  0015                     _CCPR1L	set	21
   128  0016                     _CCPR1H	set	22
   129  0080                     _TMR1ON	set	128
   130  0081                     _TMR1CS	set	129
   131  005E                     _PEIE	set	94
   132  005F                     _GIE	set	95
   133  0062                     _CCP1IF	set	98
   134  0087                     _TRISC	set	135
   135  0462                     _CCP1IE	set	1122
   136  0460                     _TMR1IE	set	1120
   137                           
   138                           	psect	cinit
   139  0015                     start_initialization:	
   140                           ; #config settings
   141                           
   142  0015                     __initialization:	
   143                           
   144                           ; Clear objects allocated to BANK0
   145  0015  1283               	bcf	3,5	;RP0=0, select bank0
   146  0016  1303               	bcf	3,6	;RP1=0, select bank0
   147  0017  01A0               	clrf	__pbssBANK0& (0+127)
   148  0018  01A1               	clrf	(__pbssBANK0+1)& (0+127)
   149  0019  01A2               	clrf	(__pbssBANK0+2)& (0+127)
   150  001A  01A3               	clrf	(__pbssBANK0+3)& (0+127)
   151  001B  01A4               	clrf	(__pbssBANK0+4)& (0+127)
   152  001C  01A5               	clrf	(__pbssBANK0+5)& (0+127)
   153  001D  01A6               	clrf	(__pbssBANK0+6)& (0+127)
   154  001E  01A7               	clrf	(__pbssBANK0+7)& (0+127)
   155  001F                     end_of_initialization:	
   156                           ;End of C runtime variable initialization code
   157                           
   158  001F                     __end_of__initialization:	
   159  001F  0183               	clrf	3
   160  0020  120A  118A  2897   	ljmp	_main	;jump to C main() function
   161                           
   162                           	psect	bssBANK0
   163  0020                     __pbssBANK0:	
   164  0020                     _freq:	
   165  0020                     	ds	2
   166  0022                     _t_old:	
   167  0022                     	ds	2
   168  0024                     _t_new:	
   169  0024                     	ds	2
   170  0026                     _t_dif:	
   171  0026                     	ds	2
   172                           
   173                           	psect	cstackCOMMON
   174  0070                     __pcstackCOMMON:	
   175  0070                     ?_interrupcao:	
   176  0070                     ?_main:	
   177                           ; 1 bytes @ 0x0
   178                           
   179  0070                     ?___lwdiv:	
   180                           ; 1 bytes @ 0x0
   181                           
   182  0070                     ___lwdiv@divisor:	
   183                           ; 2 bytes @ 0x0
   184                           
   185                           
   186                           ; 2 bytes @ 0x0
   187  0070                     	ds	2
   188  0072                     ___lwdiv@dividend:	
   189                           
   190                           ; 2 bytes @ 0x2
   191  0072                     	ds	2
   192  0074                     ??___lwdiv:	
   193                           
   194                           ; 1 bytes @ 0x4
   195  0074                     	ds	1
   196  0075                     ___lwdiv@quotient:	
   197                           
   198                           ; 2 bytes @ 0x5
   199  0075                     	ds	2
   200  0077                     ___lwdiv@counter:	
   201                           
   202                           ; 1 bytes @ 0x7
   203  0077                     	ds	1
   204  0078                     ??_interrupcao:	
   205                           
   206                           ; 1 bytes @ 0x8
   207  0078                     	ds	6
   208                           
   209                           	psect	cstackBANK0
   210  0000                     __pcstackBANK0:	
   211  0000                     ??_main:	
   212                           
   213                           	psect	maintext
   214  0097                     __pmaintext:	
   215                           ; 1 bytes @ 0x0
   216 ;;
   217 ;;Main: autosize = 0, tempsize = 0, incstack = 0, save=0
   218 ;;
   219 ;; *************** function _main *****************
   220 ;; Defined at:
   221 ;;		line 24 in file "C:\Users\Brenn\OneDrive\Área de Trabalho\provaMicro\Code\Micro\microcontroladores\exercicio5\exe5.c
      +"
   222 ;; Parameters:    Size  Location     Type
   223 ;;		None
   224 ;; Auto vars:     Size  Location     Type
   225 ;;		None
   226 ;; Return value:  Size  Location     Type
   227 ;;                  1    wreg      void 
   228 ;; Registers used:
   229 ;;		wreg
   230 ;; Tracked objects:
   231 ;;		On entry : B00/0
   232 ;;		On exit  : 0/0
   233 ;;		Unchanged: 0/0
   234 ;; Data sizes:     COMMON   BANK0   BANK1   BANK3   BANK2
   235 ;;      Params:         0       0       0       0       0
   236 ;;      Locals:         0       0       0       0       0
   237 ;;      Temps:          0       0       0       0       0
   238 ;;      Totals:         0       0       0       0       0
   239 ;;Total ram usage:        0 bytes
   240 ;; Hardware stack levels required when called:    2
   241 ;; This function calls:
   242 ;;		Nothing
   243 ;; This function is called by:
   244 ;;		Startup code after reset
   245 ;; This function uses a non-reentrant model
   246 ;;
   247                           
   248                           
   249                           ;psect for function _main
   250  0097                     _main:	
   251                           
   252                           ;exe5.c: 28: GIE = 1;
   253                           
   254                           ;incstack = 0
   255                           ; Regs used in _main: [wreg]
   256  0097  178B               	bsf	11,7	;volatile
   257                           
   258                           ;exe5.c: 29: PEIE = 1;
   259  0098  170B               	bsf	11,6	;volatile
   260                           
   261                           ;exe5.c: 30: TMR1IE = 0;
   262  0099  1683               	bsf	3,5	;RP0=1, select bank1
   263  009A  1303               	bcf	3,6	;RP1=0, select bank1
   264  009B  100C               	bcf	12,0	;volatile
   265                           
   266                           ;exe5.c: 31: CCP1IE = 1 ;
   267  009C  150C               	bsf	12,2	;volatile
   268                           
   269                           ;exe5.c: 33: TRISC = 0b00000100;
   270  009D  3004               	movlw	4
   271  009E  0087               	movwf	7	;volatile
   272                           
   273                           ;exe5.c: 37: TMR1CS = 0;
   274  009F  1283               	bcf	3,5	;RP0=0, select bank0
   275  00A0  1303               	bcf	3,6	;RP1=0, select bank0
   276  00A1  1090               	bcf	16,1	;volatile
   277                           
   278                           ;exe5.c: 38: TMR1ON = 1;
   279  00A2  1410               	bsf	16,0	;volatile
   280                           
   281                           ;exe5.c: 42: CCP1CON = 0b00000101;
   282  00A3  3005               	movlw	5
   283  00A4  0097               	movwf	23	;volatile
   284                           
   285                           ;exe5.c: 45: CCP1IF = 1;
   286  00A5  150C               	bsf	12,2	;volatile
   287  00A6                     l41:	
   288                           ;exe5.c: 47: while(1){};
   289                           
   290  00A6  28A6               	goto	l41
   291  00A7                     __end_of_main:	
   292                           
   293                           	psect	text1
   294  005F                     __ptext1:	
   295 ;; *************** function _interrupcao *****************
   296 ;; Defined at:
   297 ;;		line 10 in file "C:\Users\Brenn\OneDrive\Área de Trabalho\provaMicro\Code\Micro\microcontroladores\exercicio5\exe5.c
      +"
   298 ;; Parameters:    Size  Location     Type
   299 ;;		None
   300 ;; Auto vars:     Size  Location     Type
   301 ;;		None
   302 ;; Return value:  Size  Location     Type
   303 ;;                  1    wreg      void 
   304 ;; Registers used:
   305 ;;		wreg, status,2, status,0, pclath, cstack
   306 ;; Tracked objects:
   307 ;;		On entry : 0/0
   308 ;;		On exit  : 0/0
   309 ;;		Unchanged: 0/0
   310 ;; Data sizes:     COMMON   BANK0   BANK1   BANK3   BANK2
   311 ;;      Params:         0       0       0       0       0
   312 ;;      Locals:         0       0       0       0       0
   313 ;;      Temps:          6       0       0       0       0
   314 ;;      Totals:         6       0       0       0       0
   315 ;;Total ram usage:        6 bytes
   316 ;; Hardware stack levels used:    1
   317 ;; Hardware stack levels required when called:    1
   318 ;; This function calls:
   319 ;;		___lwdiv
   320 ;; This function is called by:
   321 ;;		Interrupt level 1
   322 ;; This function uses a non-reentrant model
   323 ;;
   324                           
   325                           
   326                           ;psect for function _interrupcao
   327  005F                     _interrupcao:	
   328                           
   329                           ;exe5.c: 11: if(CCP1IF == 1)
   330  005F  1D0C               	btfss	12,2	;volatile
   331  0060  288C               	goto	i1l36
   332                           
   333                           ;exe5.c: 13: {
   334                           ;exe5.c: 14: CCP1IF = 0;
   335  0061  110C               	bcf	12,2	;volatile
   336                           
   337                           ;exe5.c: 15: t_new = (CCPR1H << 8) + CCPR1L;
   338  0062  0816               	movf	22,w	;volatile
   339  0063  00A5               	movwf	_t_new+1
   340  0064  0815               	movf	21,w	;volatile
   341  0065  00A4               	movwf	_t_new
   342                           
   343                           ;exe5.c: 16: t_dif = t_new - t_old;
   344  0066  0922               	comf	_t_old,w
   345  0067  00F8               	movwf	??_interrupcao
   346  0068  0923               	comf	_t_old+1,w
   347  0069  00F9               	movwf	??_interrupcao+1
   348  006A  0AF8               	incf	??_interrupcao,f
   349  006B  1903               	skipnz
   350  006C  0AF9               	incf	??_interrupcao+1,f
   351  006D  0824               	movf	_t_new,w
   352  006E  0778               	addwf	??_interrupcao,w
   353  006F  00A6               	movwf	_t_dif
   354  0070  0825               	movf	_t_new+1,w
   355  0071  1803               	skipnc
   356  0072  0A25               	incf	_t_new+1,w
   357  0073  0779               	addwf	??_interrupcao+1,w
   358  0074  00A7               	movwf	_t_dif+1
   359                           
   360                           ;exe5.c: 17: t_old = t_new;
   361  0075  0825               	movf	_t_new+1,w
   362  0076  00A3               	movwf	_t_old+1
   363  0077  0824               	movf	_t_new,w
   364  0078  00A2               	movwf	_t_old
   365                           
   366                           ;exe5.c: 19: freq = (1/t_dif);
   367  0079  0827               	movf	_t_dif+1,w
   368  007A  00F1               	movwf	___lwdiv@divisor+1
   369  007B  0826               	movf	_t_dif,w
   370  007C  00F0               	movwf	___lwdiv@divisor
   371  007D  3001               	movlw	1
   372  007E  00F2               	movwf	___lwdiv@dividend
   373  007F  3000               	movlw	0
   374  0080  00F3               	movwf	___lwdiv@dividend+1
   375  0081  120A  118A  2023  120A  118A  	fcall	___lwdiv
   376  0086  0871               	movf	?___lwdiv+1,w
   377  0087  1283               	bcf	3,5	;RP0=0, select bank0
   378  0088  1303               	bcf	3,6	;RP1=0, select bank0
   379  0089  00A1               	movwf	_freq+1
   380  008A  0870               	movf	?___lwdiv,w
   381  008B  00A0               	movwf	_freq
   382  008C                     i1l36:	
   383  008C  087D               	movf	??_interrupcao+5,w
   384  008D  00FF               	movwf	127
   385  008E  087C               	movf	??_interrupcao+4,w
   386  008F  008A               	movwf	10
   387  0090  087B               	movf	??_interrupcao+3,w
   388  0091  0084               	movwf	4
   389  0092  0E7A               	swapf	(??_interrupcao+2)^(0+-128),w
   390  0093  0083               	movwf	3
   391  0094  0EFE               	swapf	126,f
   392  0095  0E7E               	swapf	126,w
   393  0096  0009               	retfie
   394  0097                     __end_of_interrupcao:	
   395                           
   396                           	psect	intentry
   397  0004                     __pintentry:	
   398                           ;incstack = 0
   399                           ; Regs used in _interrupcao: [wreg+status,2+status,0+pclath+cstack]
   400                           
   401  0004                     interrupt_function:	
   402  007E                     saved_w	set	btemp
   403  0004  00FE               	movwf	btemp
   404  0005  0E03               	swapf	3,w
   405  0006  00FA               	movwf	??_interrupcao+2
   406  0007  0804               	movf	4,w
   407  0008  00FB               	movwf	??_interrupcao+3
   408  0009  080A               	movf	10,w
   409  000A  00FC               	movwf	??_interrupcao+4
   410  000B  1283               	bcf	3,5	;RP0=0, select bank0
   411  000C  1303               	bcf	3,6	;RP1=0, select bank0
   412  000D  087F               	movf	btemp+1,w
   413  000E  00FD               	movwf	??_interrupcao+5
   414  000F  120A  118A  285F   	ljmp	_interrupcao
   415                           
   416                           	psect	text2
   417  0023                     __ptext2:	
   418 ;; *************** function ___lwdiv *****************
   419 ;; Defined at:
   420 ;;		line 6 in file "C:\Program Files (x86)\Microchip\xc8\v1.45\sources\common\lwdiv.c"
   421 ;; Parameters:    Size  Location     Type
   422 ;;  divisor         2    0[COMMON] unsigned int 
   423 ;;  dividend        2    2[COMMON] unsigned int 
   424 ;; Auto vars:     Size  Location     Type
   425 ;;  quotient        2    5[COMMON] unsigned int 
   426 ;;  counter         1    7[COMMON] unsigned char 
   427 ;; Return value:  Size  Location     Type
   428 ;;                  2    0[COMMON] unsigned int 
   429 ;; Registers used:
   430 ;;		wreg, status,2, status,0
   431 ;; Tracked objects:
   432 ;;		On entry : 0/0
   433 ;;		On exit  : 0/0
   434 ;;		Unchanged: 0/0
   435 ;; Data sizes:     COMMON   BANK0   BANK1   BANK3   BANK2
   436 ;;      Params:         4       0       0       0       0
   437 ;;      Locals:         3       0       0       0       0
   438 ;;      Temps:          1       0       0       0       0
   439 ;;      Totals:         8       0       0       0       0
   440 ;;Total ram usage:        8 bytes
   441 ;; Hardware stack levels used:    1
   442 ;; This function calls:
   443 ;;		Nothing
   444 ;; This function is called by:
   445 ;;		_interrupcao
   446 ;; This function uses a non-reentrant model
   447 ;;
   448                           
   449                           
   450                           ;psect for function ___lwdiv
   451  0023                     ___lwdiv:	
   452                           
   453                           ;incstack = 0
   454                           ; Regs used in ___lwdiv: [wreg+status,2+status,0]
   455  0023  01F5               	clrf	___lwdiv@quotient
   456  0024  01F6               	clrf	___lwdiv@quotient+1
   457  0025  0870               	movf	___lwdiv@divisor,w
   458  0026  0471               	iorwf	___lwdiv@divisor+1,w
   459  0027  1903               	btfsc	3,2
   460  0028  285A               	goto	i1l574
   461  0029  01F7               	clrf	___lwdiv@counter
   462  002A  0AF7               	incf	___lwdiv@counter,f
   463  002B                     i1l562:	
   464  002B  1BF1               	btfsc	___lwdiv@divisor+1,7
   465  002C  2839               	goto	i1l564
   466  002D  3001               	movlw	1
   467  002E                     u10_25:	
   468  002E  1003               	clrc
   469  002F  0DF0               	rlf	___lwdiv@divisor,f
   470  0030  0DF1               	rlf	___lwdiv@divisor+1,f
   471  0031  3EFF               	addlw	-1
   472  0032  1D03               	skipz
   473  0033  282E               	goto	u10_25
   474  0034  3001               	movlw	1
   475  0035  00F4               	movwf	??___lwdiv
   476  0036  0874               	movf	??___lwdiv,w
   477  0037  07F7               	addwf	___lwdiv@counter,f
   478  0038  282B               	goto	i1l562
   479  0039                     i1l564:	
   480  0039  3001               	movlw	1
   481  003A                     u12_25:	
   482  003A  1003               	clrc
   483  003B  0DF5               	rlf	___lwdiv@quotient,f
   484  003C  0DF6               	rlf	___lwdiv@quotient+1,f
   485  003D  3EFF               	addlw	-1
   486  003E  1D03               	skipz
   487  003F  283A               	goto	u12_25
   488  0040  0871               	movf	___lwdiv@divisor+1,w
   489  0041  0273               	subwf	___lwdiv@dividend+1,w
   490  0042  1D03               	skipz
   491  0043  2846               	goto	u13_25
   492  0044  0870               	movf	___lwdiv@divisor,w
   493  0045  0272               	subwf	___lwdiv@dividend,w
   494  0046                     u13_25:	
   495  0046  1C03               	skipc
   496  0047  284F               	goto	i1l570
   497  0048  0870               	movf	___lwdiv@divisor,w
   498  0049  02F2               	subwf	___lwdiv@dividend,f
   499  004A  0871               	movf	___lwdiv@divisor+1,w
   500  004B  1C03               	skipc
   501  004C  03F3               	decf	___lwdiv@dividend+1,f
   502  004D  02F3               	subwf	___lwdiv@dividend+1,f
   503  004E  1475               	bsf	___lwdiv@quotient,0
   504  004F                     i1l570:	
   505  004F  3001               	movlw	1
   506  0050                     u14_25:	
   507  0050  1003               	clrc
   508  0051  0CF1               	rrf	___lwdiv@divisor+1,f
   509  0052  0CF0               	rrf	___lwdiv@divisor,f
   510  0053  3EFF               	addlw	-1
   511  0054  1D03               	skipz
   512  0055  2850               	goto	u14_25
   513  0056  3001               	movlw	1
   514  0057  02F7               	subwf	___lwdiv@counter,f
   515  0058  1D03               	btfss	3,2
   516  0059  2839               	goto	i1l564
   517  005A                     i1l574:	
   518  005A  0876               	movf	___lwdiv@quotient+1,w
   519  005B  00F1               	movwf	?___lwdiv+1
   520  005C  0875               	movf	___lwdiv@quotient,w
   521  005D  00F0               	movwf	?___lwdiv
   522  005E  0008               	return
   523  005F                     __end_of___lwdiv:	
   524  007E                     btemp	set	126	;btemp
   525  007E                     wtemp0	set	126


Data Sizes:
    Strings     0
    Constant    0
    Data        0
    BSS         8
    Persistent  0
    Stack       0

Auto Spaces:
    Space          Size  Autos    Used
    COMMON           14     14      14
    BANK0            80      0       8
    BANK1            80      0       0
    BANK3            96      0       0
    BANK2            96      0       0

Pointer List with Targets:

    None.

Critical Paths under _main in COMMON

    None.

Critical Paths under _interrupcao in COMMON

    _interrupcao->___lwdiv

Critical Paths under _main in BANK0

    None.

Critical Paths under _interrupcao in BANK0

    None.

Critical Paths under _main in BANK1

    None.

Critical Paths under _interrupcao in BANK1

    None.

Critical Paths under _main in BANK3

    None.

Critical Paths under _interrupcao in BANK3

    None.

Critical Paths under _main in BANK2

    None.

Critical Paths under _interrupcao in BANK2

    None.

Call Graph Tables:

 ---------------------------------------------------------------------------------
 (Depth) Function   	        Calls       Base Space   Used Autos Params    Refs
 ---------------------------------------------------------------------------------
 (0) _main                                                 0     0      0       0
 ---------------------------------------------------------------------------------
 Estimated maximum stack depth 0
 ---------------------------------------------------------------------------------
 (Depth) Function   	        Calls       Base Space   Used Autos Params    Refs
 ---------------------------------------------------------------------------------
 (1) _interrupcao                                          6     6      0     268
                                              8 COMMON     6     6      0
                            ___lwdiv
 ---------------------------------------------------------------------------------
 (2) ___lwdiv                                              8     4      4     268
                                              0 COMMON     8     4      4
 ---------------------------------------------------------------------------------
 Estimated maximum stack depth 2
 ---------------------------------------------------------------------------------

 Call Graph Graphs:

 _main (ROOT)

 _interrupcao (ROOT)
   ___lwdiv

 Address spaces:
Name               Size   Autos  Total    Cost      Usage
BITCOMMON            E      0       0       0        0.0%
EEDATA             100      0       0       0        0.0%
NULL                 0      0       0       0        0.0%
CODE                 0      0       0       0        0.0%
COMMON               E      E       E       1      100.0%
BITSFR0              0      0       0       1        0.0%
SFR0                 0      0       0       1        0.0%
BITSFR1              0      0       0       2        0.0%
SFR1                 0      0       0       2        0.0%
STACK                0      0       0       2        0.0%
ABS                  0      0      16       3        0.0%
BITBANK0            50      0       0       4        0.0%
BITSFR3              0      0       0       4        0.0%
SFR3                 0      0       0       4        0.0%
BANK0               50      0       8       5       10.0%
BITSFR2              0      0       0       5        0.0%
SFR2                 0      0       0       5        0.0%
BITBANK1            50      0       0       6        0.0%
BANK1               50      0       0       7        0.0%
BITBANK3            60      0       0       8        0.0%
BANK3               60      0       0       9        0.0%
BITBANK2            60      0       0      10        0.0%
BANK2               60      0       0      11        0.0%
DATA                 0      0      16      12        0.0%


Microchip Technology PIC Macro Assembler V1.45 build -152302408 
Symbol Table                                                                                   Thu Feb 20 18:38:07 2020

                     l41 00A6                      _GIE 005F                      fsr0 0004  
                   _PEIE 005E                     i1l36 008C                     _main 0097  
                   _freq 0020                     btemp 007E                     start 0012  
                  ?_main 0070          __end_of___lwdiv 005F                    i1l570 004F  
                  i1l562 002B                    i1l564 0039                    i1l574 005A  
                  u10_25 002E                    u12_25 003A                    u13_25 0046  
                  u14_25 0050                    _TRISC 0087                    _t_dif 0026  
                  _t_old 0022                    _t_new 0024                    pclath 000A  
                  status 0003                    wtemp0 007E          __initialization 0015  
           ?_interrupcao 0070             __end_of_main 00A7                   ??_main 0000  
                 _CCP1IE 0462                   _CCP1IF 0062                   _CCPR1H 0016  
                 _CCPR1L 0015                   _TMR1IE 0460                   _TMR1CS 0081  
                 _TMR1ON 0080                ??___lwdiv 0074                   saved_w 007E  
__end_of__initialization 001F           __pcstackCOMMON 0070               __pbssBANK0 0020  
             __pmaintext 0097               __pintentry 0004     __size_of_interrupcao 0038  
                _CCP1CON 0017                  ___lwdiv 0023                  __ptext1 005F  
                __ptext2 0023     end_of_initialization 001F      start_initialization 0015  
              ___latbits 0002            __pcstackBANK0 0000         ___lwdiv@dividend 0072  
          ??_interrupcao 0078                 ?___lwdiv 0070         ___lwdiv@quotient 0075  
      interrupt_function 0004      __end_of_interrupcao 0097         __size_of___lwdiv 003C  
        ___lwdiv@divisor 0070          ___lwdiv@counter 0077            __size_of_main 0010  
            _interrupcao 005F                 intlevel1 0000  
